<?xml version="1.0" encoding="UTF-8"?>
<!-- Generated by org.testng.reporters.JUnitReportReporter -->
<testsuite hostname="WIN-8BJV37F2F8M" name="com.lemon.day02.DependDemo" tests="1" failures="0" timestamp="14 May 2019 16:20:00 GMT" time="0.013" errors="0">
  <testcase name="test1" time="0.013" classname="com.lemon.day02.DependDemo"/>
</testsuite> <!-- com.lemon.day02.DependDemo -->
