<?xml version="1.0" encoding="UTF-8"?>
<!-- Generated by org.testng.reporters.JUnitReportReporter -->
<testsuite hostname="WIN-8BJV37F2F8M" name="com.lemon.day02.TestNGDome" tests="3" failures="0" timestamp="14 May 2019 16:11:37 GMT" time="0.017" errors="0">
  <testcase name="c" time="0.007" classname="com.lemon.day02.TestNGDome"/>
  <testcase name="a" time="0.006" classname="com.lemon.day02.TestNGDome"/>
  <testcase name="b" time="0.004" classname="com.lemon.day02.TestNGDome"/>
</testsuite> <!-- com.lemon.day02.TestNGDome -->
