<?xml version="1.0" encoding="UTF-8"?>
<!-- Generated by org.testng.reporters.JUnitReportReporter -->
<testsuite hostname="WIN-8BJV37F2F8M" name="com.lemon.day02.TestngParameterDome" tests="1" failures="0" timestamp="14 May 2019 16:34:58 GMT" time="0.015" errors="0">
  <testcase name="test" time="0.015" classname="com.lemon.day02.TestngParameterDome"/>
</testsuite> <!-- com.lemon.day02.TestngParameterDome -->
