<?xml version="1.0" encoding="UTF-8"?>
<!-- Generated by org.testng.reporters.JUnitReportReporter -->
<testsuite hostname="WIN-8BJV37F2F8M" name="com.lemon.day03.ApiTest" tests="3" failures="0" timestamp="18 May 2019 16:33:42 GMT" time="0.633" errors="0">
  <testcase name="testGet" time="0.598" classname="com.lemon.day03.ApiTest"/>
  <testcase name="testPostByForm" time="0.018" classname="com.lemon.day03.ApiTest"/>
  <testcase name="testPostByJson" time="0.017" classname="com.lemon.day03.ApiTest"/>
</testsuite> <!-- com.lemon.day03.ApiTest -->
