<?xml version="1.0" encoding="UTF-8"?>
<!-- Generated by org.testng.reporters.JUnitReportReporter -->
<testsuite hostname="WIN-8BJV37F2F8M" name="com.lemon.day02.AnnotationDemo" tests="2" failures="0" timestamp="14 May 2019 16:11:37 GMT" time="0.012" errors="0">
  <testcase name="test1" time="0.009" classname="com.lemon.day02.AnnotationDemo"/>
  <testcase name="test2" time="0.003" classname="com.lemon.day02.AnnotationDemo"/>
</testsuite> <!-- com.lemon.day02.AnnotationDemo -->
