<?xml version="1.0" encoding="UTF-8"?>
<!-- Generated by org.testng.reporters.JUnitReportReporter -->
<testsuite hostname="WIN-8BJV37F2F8M" name="com.lemon.day02.DataProviderDemo" tests="3" failures="0" timestamp="14 May 2019 16:44:28 GMT" time="0.015" errors="0">
  <testcase name="login" time="0.002" classname="com.lemon.day02.DataProviderDemo"/>
  <testcase name="login" time="0.002" classname="com.lemon.day02.DataProviderDemo"/>
  <testcase name="login" time="0.011" classname="com.lemon.day02.DataProviderDemo"/>
</testsuite> <!-- com.lemon.day02.DataProviderDemo -->
